{"/Users/ygou/projects/express-middleware-minio/src/index.js": {"path":"/Users/ygou/projects/express-middleware-minio/src/index.js","statementMap":{"0":{"start":{"line":1,"column":0},"end":{"line":1,"column":26}},"1":{"start":{"line":2,"column":19},"end":{"line":2,"column":40}},"2":{"start":{"line":3,"column":15},"end":{"line":3,"column":33}},"3":{"start":{"line":4,"column":15},"end":{"line":4,"column":32}},"4":{"start":{"line":5,"column":24},"end":{"line":5,"column":41}},"5":{"start":{"line":7,"column":20},"end":{"line":7,"column":48}},"6":{"start":{"line":8,"column":14},"end":{"line":8,"column":32}},"7":{"start":{"line":10,"column":15},"end":{"line":10,"column":51}},"8":{"start":{"line":12,"column":12},"end":{"line":19,"column":2}},"9":{"start":{"line":21,"column":29},"end":{"line":23,"column":1}},"10":{"start":{"line":22,"column":2},"end":{"line":22,"column":34}},"11":{"start":{"line":25,"column":22},"end":{"line":46,"column":1}},"12":{"start":{"line":26,"column":2},"end":{"line":30,"column":3}},"13":{"start":{"line":27,"column":18},"end":{"line":27,"column":40}},"14":{"start":{"line":28,"column":4},"end":{"line":28,"column":25}},"15":{"start":{"line":29,"column":4},"end":{"line":29,"column":16}},"16":{"start":{"line":32,"column":18},"end":{"line":32,"column":23}},"17":{"start":{"line":33,"column":2},"end":{"line":37,"column":4}},"18":{"start":{"line":34,"column":4},"end":{"line":36,"column":5}},"19":{"start":{"line":35,"column":6},"end":{"line":35,"column":22}},"20":{"start":{"line":39,"column":2},"end":{"line":43,"column":3}},"21":{"start":{"line":40,"column":18},"end":{"line":40,"column":43}},"22":{"start":{"line":41,"column":4},"end":{"line":41,"column":25}},"23":{"start":{"line":42,"column":4},"end":{"line":42,"column":16}},"24":{"start":{"line":45,"column":2},"end":{"line":45,"column":13}},"25":{"start":{"line":48,"column":24},"end":{"line":58,"column":1}},"26":{"start":{"line":49,"column":2},"end":{"line":56,"column":3}},"27":{"start":{"line":50,"column":4},"end":{"line":55,"column":5}},"28":{"start":{"line":57,"column":2},"end":{"line":57,"column":11}},"29":{"start":{"line":60,"column":19},"end":{"line":82,"column":1}},"30":{"start":{"line":61,"column":17},"end":{"line":61,"column":25}},"31":{"start":{"line":62,"column":2},"end":{"line":67,"column":3}},"32":{"start":{"line":63,"column":22},"end":{"line":63,"column":59}},"33":{"start":{"line":64,"column":4},"end":{"line":66,"column":5}},"34":{"start":{"line":65,"column":6},"end":{"line":65,"column":33}},"35":{"start":{"line":68,"column":2},"end":{"line":81,"column":3}},"36":{"start":{"line":74,"column":6},"end":{"line":78,"column":7}},"37":{"start":{"line":75,"column":8},"end":{"line":75,"column":29}},"38":{"start":{"line":77,"column":8},"end":{"line":77,"column":63}},"39":{"start":{"line":79,"column":6},"end":{"line":79,"column":12}},"40":{"start":{"line":84,"column":25},"end":{"line":105,"column":1}},"41":{"start":{"line":85,"column":17},"end":{"line":85,"column":25}},"42":{"start":{"line":86,"column":2},"end":{"line":91,"column":3}},"43":{"start":{"line":87,"column":22},"end":{"line":87,"column":59}},"44":{"start":{"line":88,"column":4},"end":{"line":90,"column":5}},"45":{"start":{"line":89,"column":6},"end":{"line":89,"column":33}},"46":{"start":{"line":92,"column":2},"end":{"line":103,"column":3}},"47":{"start":{"line":93,"column":17},"end":{"line":98,"column":5}},"48":{"start":{"line":99,"column":4},"end":{"line":99,"column":59}},"49":{"start":{"line":101,"column":4},"end":{"line":101,"column":34}},"50":{"start":{"line":102,"column":4},"end":{"line":102,"column":25}},"51":{"start":{"line":104,"column":2},"end":{"line":104,"column":8}},"52":{"start":{"line":107,"column":19},"end":{"line":116,"column":1}},"53":{"start":{"line":108,"column":2},"end":{"line":115,"column":4}},"54":{"start":{"line":109,"column":4},"end":{"line":113,"column":5}},"55":{"start":{"line":110,"column":6},"end":{"line":110,"column":27}},"56":{"start":{"line":112,"column":6},"end":{"line":112,"column":26}},"57":{"start":{"line":114,"column":4},"end":{"line":114,"column":10}},"58":{"start":{"line":118,"column":20},"end":{"line":149,"column":1}},"59":{"start":{"line":119,"column":2},"end":{"line":125,"column":3}},"60":{"start":{"line":120,"column":4},"end":{"line":124,"column":5}},"61":{"start":{"line":128,"column":2},"end":{"line":134,"column":3}},"62":{"start":{"line":129,"column":4},"end":{"line":129,"column":61}},"63":{"start":{"line":131,"column":4},"end":{"line":131,"column":52}},"64":{"start":{"line":132,"column":4},"end":{"line":132,"column":25}},"65":{"start":{"line":133,"column":4},"end":{"line":133,"column":13}},"66":{"start":{"line":136,"column":34},"end":{"line":136,"column":55}},"67":{"start":{"line":137,"column":2},"end":{"line":139,"column":3}},"68":{"start":{"line":138,"column":4},"end":{"line":138,"column":34}},"69":{"start":{"line":140,"column":2},"end":{"line":142,"column":3}},"70":{"start":{"line":141,"column":4},"end":{"line":141,"column":65}},"71":{"start":{"line":144,"column":2},"end":{"line":148,"column":3}},"72":{"start":{"line":151,"column":18},"end":{"line":174,"column":1}},"73":{"start":{"line":152,"column":42},"end":{"line":152,"column":64}},"74":{"start":{"line":153,"column":2},"end":{"line":156,"column":3}},"75":{"start":{"line":154,"column":4},"end":{"line":154,"column":10}},"76":{"start":{"line":155,"column":4},"end":{"line":155,"column":10}},"77":{"start":{"line":158,"column":18},"end":{"line":158,"column":56}},"78":{"start":{"line":159,"column":2},"end":{"line":173,"column":4}},"79":{"start":{"line":160,"column":4},"end":{"line":171,"column":5}},"80":{"start":{"line":161,"column":6},"end":{"line":161,"column":27}},"81":{"start":{"line":163,"column":6},"end":{"line":170,"column":7}},"82":{"start":{"line":172,"column":4},"end":{"line":172,"column":10}},"83":{"start":{"line":176,"column":24},"end":{"line":198,"column":1}},"84":{"start":{"line":177,"column":36},"end":{"line":177,"column":58}},"85":{"start":{"line":178,"column":2},"end":{"line":181,"column":3}},"86":{"start":{"line":179,"column":4},"end":{"line":179,"column":10}},"87":{"start":{"line":180,"column":4},"end":{"line":180,"column":10}},"88":{"start":{"line":183,"column":2},"end":{"line":197,"column":4}},"89":{"start":{"line":184,"column":4},"end":{"line":195,"column":5}},"90":{"start":{"line":185,"column":6},"end":{"line":185,"column":27}},"91":{"start":{"line":187,"column":6},"end":{"line":194,"column":7}},"92":{"start":{"line":196,"column":4},"end":{"line":196,"column":10}},"93":{"start":{"line":200,"column":21},"end":{"line":213,"column":1}},"94":{"start":{"line":201,"column":2},"end":{"line":205,"column":3}},"95":{"start":{"line":202,"column":4},"end":{"line":202,"column":52}},"96":{"start":{"line":203,"column":4},"end":{"line":203,"column":10}},"97":{"start":{"line":204,"column":4},"end":{"line":204,"column":10}},"98":{"start":{"line":206,"column":16},"end":{"line":206,"column":65}},"99":{"start":{"line":207,"column":2},"end":{"line":211,"column":3}},"100":{"start":{"line":208,"column":4},"end":{"line":208,"column":25}},"101":{"start":{"line":210,"column":4},"end":{"line":210,"column":37}},"102":{"start":{"line":212,"column":2},"end":{"line":212,"column":8}},"103":{"start":{"line":215,"column":23},"end":{"line":269,"column":1}},"104":{"start":{"line":216,"column":2},"end":{"line":219,"column":3}},"105":{"start":{"line":217,"column":4},"end":{"line":217,"column":10}},"106":{"start":{"line":218,"column":4},"end":{"line":218,"column":10}},"107":{"start":{"line":221,"column":2},"end":{"line":268,"column":3}},"108":{"start":{"line":222,"column":17},"end":{"line":222,"column":46}},"109":{"start":{"line":223,"column":4},"end":{"line":233,"column":6}},"110":{"start":{"line":224,"column":6},"end":{"line":232,"column":7}},"111":{"start":{"line":225,"column":8},"end":{"line":225,"column":34}},"112":{"start":{"line":226,"column":8},"end":{"line":226,"column":14}},"113":{"start":{"line":227,"column":13},"end":{"line":232,"column":7}},"114":{"start":{"line":228,"column":8},"end":{"line":228,"column":57}},"115":{"start":{"line":229,"column":8},"end":{"line":229,"column":14}},"116":{"start":{"line":231,"column":8},"end":{"line":231,"column":44}},"117":{"start":{"line":234,"column":9},"end":{"line":268,"column":3}},"118":{"start":{"line":235,"column":17},"end":{"line":235,"column":46}},"119":{"start":{"line":236,"column":17},"end":{"line":236,"column":34}},"120":{"start":{"line":237,"column":18},"end":{"line":237,"column":30}},"121":{"start":{"line":238,"column":4},"end":{"line":251,"column":5}},"122":{"start":{"line":239,"column":6},"end":{"line":242,"column":7}},"123":{"start":{"line":240,"column":8},"end":{"line":240,"column":29}},"124":{"start":{"line":241,"column":8},"end":{"line":241,"column":14}},"125":{"start":{"line":243,"column":6},"end":{"line":243,"column":37}},"126":{"start":{"line":244,"column":6},"end":{"line":244,"column":33}},"127":{"start":{"line":245,"column":6},"end":{"line":247,"column":8}},"128":{"start":{"line":246,"column":8},"end":{"line":246,"column":26}},"129":{"start":{"line":248,"column":6},"end":{"line":250,"column":8}},"130":{"start":{"line":249,"column":8},"end":{"line":249,"column":18}},"131":{"start":{"line":252,"column":4},"end":{"line":259,"column":6}},"132":{"start":{"line":253,"column":6},"end":{"line":258,"column":7}},"133":{"start":{"line":254,"column":8},"end":{"line":254,"column":34}},"134":{"start":{"line":255,"column":8},"end":{"line":255,"column":14}},"135":{"start":{"line":257,"column":8},"end":{"line":257,"column":48}},"136":{"start":{"line":260,"column":9},"end":{"line":268,"column":3}},"137":{"start":{"line":261,"column":4},"end":{"line":261,"column":25}},"138":{"start":{"line":262,"column":9},"end":{"line":268,"column":3}},"139":{"start":{"line":263,"column":4},"end":{"line":263,"column":24}},"140":{"start":{"line":264,"column":9},"end":{"line":268,"column":3}},"141":{"start":{"line":265,"column":4},"end":{"line":265,"column":30}},"142":{"start":{"line":266,"column":9},"end":{"line":268,"column":3}},"143":{"start":{"line":267,"column":4},"end":{"line":267,"column":27}},"144":{"start":{"line":271,"column":0},"end":{"line":280,"column":1}},"145":{"start":{"line":276,"column":4},"end":{"line":278,"column":5}},"146":{"start":{"line":276,"column":22},"end":{"line":278,"column":5}},"147":{"start":{"line":277,"column":6},"end":{"line":277,"column":40}}},"fnMap":{"0":{"name":"(anonymous_0)","decl":{"start":{"line":21,"column":29},"end":{"line":21,"column":30}},"loc":{"start":{"line":21,"column":41},"end":{"line":23,"column":1}},"line":21},"1":{"name":"(anonymous_1)","decl":{"start":{"line":25,"column":22},"end":{"line":25,"column":23}},"loc":{"start":{"line":25,"column":40},"end":{"line":46,"column":1}},"line":25},"2":{"name":"(anonymous_2)","decl":{"start":{"line":33,"column":27},"end":{"line":33,"column":28}},"loc":{"start":{"line":33,"column":34},"end":{"line":37,"column":3}},"line":33},"3":{"name":"(anonymous_3)","decl":{"start":{"line":48,"column":24},"end":{"line":48,"column":25}},"loc":{"start":{"line":48,"column":32},"end":{"line":58,"column":1}},"line":48},"4":{"name":"(anonymous_4)","decl":{"start":{"line":60,"column":19},"end":{"line":60,"column":20}},"loc":{"start":{"line":60,"column":49},"end":{"line":82,"column":1}},"line":60},"5":{"name":"(anonymous_5)","decl":{"start":{"line":73,"column":4},"end":{"line":73,"column":5}},"loc":{"start":{"line":73,"column":21},"end":{"line":80,"column":5}},"line":73},"6":{"name":"(anonymous_6)","decl":{"start":{"line":84,"column":25},"end":{"line":84,"column":26}},"loc":{"start":{"line":84,"column":65},"end":{"line":105,"column":1}},"line":84},"7":{"name":"(anonymous_7)","decl":{"start":{"line":107,"column":19},"end":{"line":107,"column":20}},"loc":{"start":{"line":107,"column":34},"end":{"line":116,"column":1}},"line":107},"8":{"name":"(anonymous_8)","decl":{"start":{"line":108,"column":24},"end":{"line":108,"column":25}},"loc":{"start":{"line":108,"column":41},"end":{"line":115,"column":3}},"line":108},"9":{"name":"(anonymous_9)","decl":{"start":{"line":118,"column":20},"end":{"line":118,"column":21}},"loc":{"start":{"line":118,"column":33},"end":{"line":149,"column":1}},"line":118},"10":{"name":"(anonymous_10)","decl":{"start":{"line":151,"column":18},"end":{"line":151,"column":19}},"loc":{"start":{"line":151,"column":39},"end":{"line":174,"column":1}},"line":151},"11":{"name":"(anonymous_11)","decl":{"start":{"line":159,"column":52},"end":{"line":159,"column":53}},"loc":{"start":{"line":159,"column":61},"end":{"line":173,"column":3}},"line":159},"12":{"name":"(anonymous_12)","decl":{"start":{"line":176,"column":24},"end":{"line":176,"column":25}},"loc":{"start":{"line":176,"column":45},"end":{"line":198,"column":1}},"line":176},"13":{"name":"(anonymous_13)","decl":{"start":{"line":183,"column":49},"end":{"line":183,"column":50}},"loc":{"start":{"line":183,"column":68},"end":{"line":197,"column":3}},"line":183},"14":{"name":"(anonymous_14)","decl":{"start":{"line":200,"column":21},"end":{"line":200,"column":22}},"loc":{"start":{"line":200,"column":42},"end":{"line":213,"column":1}},"line":200},"15":{"name":"(anonymous_15)","decl":{"start":{"line":215,"column":23},"end":{"line":215,"column":24}},"loc":{"start":{"line":215,"column":47},"end":{"line":269,"column":1}},"line":215},"16":{"name":"(anonymous_16)","decl":{"start":{"line":223,"column":20},"end":{"line":223,"column":21}},"loc":{"start":{"line":223,"column":44},"end":{"line":233,"column":5}},"line":223},"17":{"name":"(anonymous_17)","decl":{"start":{"line":238,"column":18},"end":{"line":238,"column":19}},"loc":{"start":{"line":238,"column":26},"end":{"line":251,"column":5}},"line":238},"18":{"name":"(anonymous_18)","decl":{"start":{"line":245,"column":22},"end":{"line":245,"column":23}},"loc":{"start":{"line":245,"column":39},"end":{"line":247,"column":7}},"line":245},"19":{"name":"(anonymous_19)","decl":{"start":{"line":248,"column":21},"end":{"line":248,"column":22}},"loc":{"start":{"line":248,"column":32},"end":{"line":250,"column":7}},"line":248},"20":{"name":"(anonymous_20)","decl":{"start":{"line":252,"column":20},"end":{"line":252,"column":21}},"loc":{"start":{"line":252,"column":27},"end":{"line":259,"column":5}},"line":252},"21":{"name":"(anonymous_21)","decl":{"start":{"line":275,"column":2},"end":{"line":275,"column":3}},"loc":{"start":{"line":275,"column":15},"end":{"line":279,"column":3}},"line":275},"22":{"name":"(anonymous_22)","decl":{"start":{"line":276,"column":11},"end":{"line":276,"column":12}},"loc":{"start":{"line":276,"column":22},"end":{"line":278,"column":5}},"line":276},"23":{"name":"(anonymous_23)","decl":{"start":{"line":276,"column":22},"end":{"line":276,"column":23}},"loc":{"start":{"line":276,"column":42},"end":{"line":278,"column":5}},"line":276}},"branchMap":{"0":{"loc":{"start":{"line":10,"column":15},"end":{"line":10,"column":51}},"type":"binary-expr","locations":[{"start":{"line":10,"column":16},"end":{"line":10,"column":22}},{"start":{"line":10,"column":26},"end":{"line":10,"column":39}},{"start":{"line":10,"column":44},"end":{"line":10,"column":51}}],"line":10},"1":{"loc":{"start":{"line":26,"column":2},"end":{"line":30,"column":3}},"type":"if","locations":[{"start":{"line":26,"column":2},"end":{"line":30,"column":3}},{"start":{"line":26,"column":2},"end":{"line":30,"column":3}}],"line":26},"2":{"loc":{"start":{"line":34,"column":4},"end":{"line":36,"column":5}},"type":"if","locations":[{"start":{"line":34,"column":4},"end":{"line":36,"column":5}},{"start":{"line":34,"column":4},"end":{"line":36,"column":5}}],"line":34},"3":{"loc":{"start":{"line":39,"column":2},"end":{"line":43,"column":3}},"type":"if","locations":[{"start":{"line":39,"column":2},"end":{"line":43,"column":3}},{"start":{"line":39,"column":2},"end":{"line":43,"column":3}}],"line":39},"4":{"loc":{"start":{"line":49,"column":2},"end":{"line":56,"column":3}},"type":"if","locations":[{"start":{"line":49,"column":2},"end":{"line":56,"column":3}},{"start":{"line":49,"column":2},"end":{"line":56,"column":3}}],"line":49},"5":{"loc":{"start":{"line":49,"column":6},"end":{"line":49,"column":27}},"type":"binary-expr","locations":[{"start":{"line":49,"column":6},"end":{"line":49,"column":10}},{"start":{"line":49,"column":14},"end":{"line":49,"column":27}}],"line":49},"6":{"loc":{"start":{"line":62,"column":2},"end":{"line":67,"column":3}},"type":"if","locations":[{"start":{"line":62,"column":2},"end":{"line":67,"column":3}},{"start":{"line":62,"column":2},"end":{"line":67,"column":3}}],"line":62},"7":{"loc":{"start":{"line":62,"column":6},"end":{"line":62,"column":35}},"type":"binary-expr","locations":[{"start":{"line":62,"column":6},"end":{"line":62,"column":16}},{"start":{"line":62,"column":20},"end":{"line":62,"column":35}}],"line":62},"8":{"loc":{"start":{"line":64,"column":4},"end":{"line":66,"column":5}},"type":"if","locations":[{"start":{"line":64,"column":4},"end":{"line":66,"column":5}},{"start":{"line":64,"column":4},"end":{"line":66,"column":5}}],"line":64},"9":{"loc":{"start":{"line":70,"column":4},"end":{"line":70,"column":41}},"type":"binary-expr","locations":[{"start":{"line":70,"column":5},"end":{"line":70,"column":15}},{"start":{"line":70,"column":19},"end":{"line":70,"column":34}},{"start":{"line":70,"column":39},"end":{"line":70,"column":41}}],"line":70},"10":{"loc":{"start":{"line":71,"column":4},"end":{"line":71,"column":41}},"type":"binary-expr","locations":[{"start":{"line":71,"column":5},"end":{"line":71,"column":15}},{"start":{"line":71,"column":19},"end":{"line":71,"column":34}},{"start":{"line":71,"column":39},"end":{"line":71,"column":41}}],"line":71},"11":{"loc":{"start":{"line":72,"column":4},"end":{"line":72,"column":41}},"type":"binary-expr","locations":[{"start":{"line":72,"column":5},"end":{"line":72,"column":15}},{"start":{"line":72,"column":19},"end":{"line":72,"column":34}},{"start":{"line":72,"column":39},"end":{"line":72,"column":41}}],"line":72},"12":{"loc":{"start":{"line":74,"column":6},"end":{"line":78,"column":7}},"type":"if","locations":[{"start":{"line":74,"column":6},"end":{"line":78,"column":7}},{"start":{"line":74,"column":6},"end":{"line":78,"column":7}}],"line":74},"13":{"loc":{"start":{"line":86,"column":2},"end":{"line":91,"column":3}},"type":"if","locations":[{"start":{"line":86,"column":2},"end":{"line":91,"column":3}},{"start":{"line":86,"column":2},"end":{"line":91,"column":3}}],"line":86},"14":{"loc":{"start":{"line":86,"column":6},"end":{"line":86,"column":35}},"type":"binary-expr","locations":[{"start":{"line":86,"column":6},"end":{"line":86,"column":16}},{"start":{"line":86,"column":20},"end":{"line":86,"column":35}}],"line":86},"15":{"loc":{"start":{"line":88,"column":4},"end":{"line":90,"column":5}},"type":"if","locations":[{"start":{"line":88,"column":4},"end":{"line":90,"column":5}},{"start":{"line":88,"column":4},"end":{"line":90,"column":5}}],"line":88},"16":{"loc":{"start":{"line":95,"column":6},"end":{"line":95,"column":43}},"type":"binary-expr","locations":[{"start":{"line":95,"column":7},"end":{"line":95,"column":17}},{"start":{"line":95,"column":21},"end":{"line":95,"column":36}},{"start":{"line":95,"column":41},"end":{"line":95,"column":43}}],"line":95},"17":{"loc":{"start":{"line":96,"column":6},"end":{"line":96,"column":43}},"type":"binary-expr","locations":[{"start":{"line":96,"column":7},"end":{"line":96,"column":17}},{"start":{"line":96,"column":21},"end":{"line":96,"column":36}},{"start":{"line":96,"column":41},"end":{"line":96,"column":43}}],"line":96},"18":{"loc":{"start":{"line":109,"column":4},"end":{"line":113,"column":5}},"type":"if","locations":[{"start":{"line":109,"column":4},"end":{"line":113,"column":5}},{"start":{"line":109,"column":4},"end":{"line":113,"column":5}}],"line":109},"19":{"loc":{"start":{"line":119,"column":2},"end":{"line":125,"column":3}},"type":"if","locations":[{"start":{"line":119,"column":2},"end":{"line":125,"column":3}},{"start":{"line":119,"column":2},"end":{"line":125,"column":3}}],"line":119},"20":{"loc":{"start":{"line":119,"column":6},"end":{"line":119,"column":45}},"type":"binary-expr","locations":[{"start":{"line":119,"column":6},"end":{"line":119,"column":19}},{"start":{"line":119,"column":23},"end":{"line":119,"column":45}}],"line":119},"21":{"loc":{"start":{"line":137,"column":2},"end":{"line":139,"column":3}},"type":"if","locations":[{"start":{"line":137,"column":2},"end":{"line":139,"column":3}},{"start":{"line":137,"column":2},"end":{"line":139,"column":3}}],"line":137},"22":{"loc":{"start":{"line":140,"column":2},"end":{"line":142,"column":3}},"type":"if","locations":[{"start":{"line":140,"column":2},"end":{"line":142,"column":3}},{"start":{"line":140,"column":2},"end":{"line":142,"column":3}}],"line":140},"23":{"loc":{"start":{"line":140,"column":6},"end":{"line":140,"column":31}},"type":"binary-expr","locations":[{"start":{"line":140,"column":6},"end":{"line":140,"column":15}},{"start":{"line":140,"column":19},"end":{"line":140,"column":31}}],"line":140},"24":{"loc":{"start":{"line":153,"column":2},"end":{"line":156,"column":3}},"type":"if","locations":[{"start":{"line":153,"column":2},"end":{"line":156,"column":3}},{"start":{"line":153,"column":2},"end":{"line":156,"column":3}}],"line":153},"25":{"loc":{"start":{"line":153,"column":6},"end":{"line":153,"column":31}},"type":"binary-expr","locations":[{"start":{"line":153,"column":6},"end":{"line":153,"column":15}},{"start":{"line":153,"column":19},"end":{"line":153,"column":31}}],"line":153},"26":{"loc":{"start":{"line":160,"column":4},"end":{"line":171,"column":5}},"type":"if","locations":[{"start":{"line":160,"column":4},"end":{"line":171,"column":5}},{"start":{"line":160,"column":4},"end":{"line":171,"column":5}}],"line":160},"27":{"loc":{"start":{"line":178,"column":2},"end":{"line":181,"column":3}},"type":"if","locations":[{"start":{"line":178,"column":2},"end":{"line":181,"column":3}},{"start":{"line":178,"column":2},"end":{"line":181,"column":3}}],"line":178},"28":{"loc":{"start":{"line":184,"column":4},"end":{"line":195,"column":5}},"type":"if","locations":[{"start":{"line":184,"column":4},"end":{"line":195,"column":5}},{"start":{"line":184,"column":4},"end":{"line":195,"column":5}}],"line":184},"29":{"loc":{"start":{"line":201,"column":2},"end":{"line":205,"column":3}},"type":"if","locations":[{"start":{"line":201,"column":2},"end":{"line":205,"column":3}},{"start":{"line":201,"column":2},"end":{"line":205,"column":3}}],"line":201},"30":{"loc":{"start":{"line":201,"column":6},"end":{"line":201,"column":65}},"type":"binary-expr","locations":[{"start":{"line":201,"column":6},"end":{"line":201,"column":26}},{"start":{"line":201,"column":30},"end":{"line":201,"column":65}}],"line":201},"31":{"loc":{"start":{"line":207,"column":2},"end":{"line":211,"column":3}},"type":"if","locations":[{"start":{"line":207,"column":2},"end":{"line":211,"column":3}},{"start":{"line":207,"column":2},"end":{"line":211,"column":3}}],"line":207},"32":{"loc":{"start":{"line":216,"column":2},"end":{"line":219,"column":3}},"type":"if","locations":[{"start":{"line":216,"column":2},"end":{"line":219,"column":3}},{"start":{"line":216,"column":2},"end":{"line":219,"column":3}}],"line":216},"33":{"loc":{"start":{"line":221,"column":2},"end":{"line":268,"column":3}},"type":"if","locations":[{"start":{"line":221,"column":2},"end":{"line":268,"column":3}},{"start":{"line":221,"column":2},"end":{"line":268,"column":3}}],"line":221},"34":{"loc":{"start":{"line":224,"column":6},"end":{"line":232,"column":7}},"type":"if","locations":[{"start":{"line":224,"column":6},"end":{"line":232,"column":7}},{"start":{"line":224,"column":6},"end":{"line":232,"column":7}}],"line":224},"35":{"loc":{"start":{"line":227,"column":13},"end":{"line":232,"column":7}},"type":"if","locations":[{"start":{"line":227,"column":13},"end":{"line":232,"column":7}},{"start":{"line":227,"column":13},"end":{"line":232,"column":7}}],"line":227},"36":{"loc":{"start":{"line":234,"column":9},"end":{"line":268,"column":3}},"type":"if","locations":[{"start":{"line":234,"column":9},"end":{"line":268,"column":3}},{"start":{"line":234,"column":9},"end":{"line":268,"column":3}}],"line":234},"37":{"loc":{"start":{"line":239,"column":6},"end":{"line":242,"column":7}},"type":"if","locations":[{"start":{"line":239,"column":6},"end":{"line":242,"column":7}},{"start":{"line":239,"column":6},"end":{"line":242,"column":7}}],"line":239},"38":{"loc":{"start":{"line":253,"column":6},"end":{"line":258,"column":7}},"type":"if","locations":[{"start":{"line":253,"column":6},"end":{"line":258,"column":7}},{"start":{"line":253,"column":6},"end":{"line":258,"column":7}}],"line":253},"39":{"loc":{"start":{"line":260,"column":9},"end":{"line":268,"column":3}},"type":"if","locations":[{"start":{"line":260,"column":9},"end":{"line":268,"column":3}},{"start":{"line":260,"column":9},"end":{"line":268,"column":3}}],"line":260},"40":{"loc":{"start":{"line":262,"column":9},"end":{"line":268,"column":3}},"type":"if","locations":[{"start":{"line":262,"column":9},"end":{"line":268,"column":3}},{"start":{"line":262,"column":9},"end":{"line":268,"column":3}}],"line":262},"41":{"loc":{"start":{"line":264,"column":9},"end":{"line":268,"column":3}},"type":"if","locations":[{"start":{"line":264,"column":9},"end":{"line":268,"column":3}},{"start":{"line":264,"column":9},"end":{"line":268,"column":3}}],"line":264},"42":{"loc":{"start":{"line":266,"column":9},"end":{"line":268,"column":3}},"type":"if","locations":[{"start":{"line":266,"column":9},"end":{"line":268,"column":3}},{"start":{"line":266,"column":9},"end":{"line":268,"column":3}}],"line":266}},"s":{"0":3,"1":3,"2":3,"3":3,"4":3,"5":3,"6":3,"7":3,"8":3,"9":3,"10":2,"11":3,"12":12,"13":1,"14":1,"15":1,"16":11,"17":11,"18":66,"19":10,"20":11,"21":1,"22":1,"23":1,"24":10,"25":3,"26":3,"27":3,"28":0,"29":3,"30":1,"31":1,"32":1,"33":1,"34":1,"35":1,"36":1,"37":0,"38":1,"39":1,"40":3,"41":1,"42":1,"43":1,"44":1,"45":1,"46":1,"47":1,"48":1,"49":0,"50":0,"51":1,"52":3,"53":1,"54":1,"55":0,"56":1,"57":1,"58":3,"59":5,"60":0,"61":5,"62":5,"63":2,"64":2,"65":2,"66":3,"67":3,"68":0,"69":3,"70":0,"71":3,"72":3,"73":3,"74":3,"75":1,"76":1,"77":2,"78":2,"79":2,"80":0,"81":2,"82":2,"83":3,"84":2,"85":2,"86":1,"87":1,"88":1,"89":1,"90":0,"91":1,"92":1,"93":3,"94":1,"95":0,"96":0,"97":0,"98":1,"99":1,"100":0,"101":1,"102":1,"103":3,"104":12,"105":2,"106":2,"107":10,"108":2,"109":2,"110":2,"111":0,"112":0,"113":2,"114":1,"115":1,"116":1,"117":8,"118":1,"119":1,"120":1,"121":1,"122":1,"123":0,"124":0,"125":1,"126":1,"127":1,"128":1,"129":1,"130":1,"131":1,"132":1,"133":0,"134":0,"135":1,"136":7,"137":1,"138":6,"139":3,"140":3,"141":2,"142":1,"143":1,"144":3,"145":1,"146":12,"147":12},"f":{"0":2,"1":12,"2":66,"3":3,"4":1,"5":1,"6":1,"7":1,"8":1,"9":5,"10":3,"11":2,"12":2,"13":1,"14":1,"15":12,"16":2,"17":1,"18":1,"19":1,"20":1,"21":1,"22":12,"23":12},"b":{"0":[3,3,3],"1":[1,11],"2":[10,56],"3":[1,10],"4":[3,0],"5":[3,3],"6":[1,0],"7":[1,1],"8":[1,0],"9":[1,1,0],"10":[1,1,0],"11":[1,1,0],"12":[0,1],"13":[1,0],"14":[1,1],"15":[1,0],"16":[1,1,0],"17":[1,1,0],"18":[0,1],"19":[0,5],"20":[5,0],"21":[0,3],"22":[0,3],"23":[3,3],"24":[1,2],"25":[3,2],"26":[0,2],"27":[1,1],"28":[0,1],"29":[0,1],"30":[1,1],"31":[0,1],"32":[2,10],"33":[2,8],"34":[0,2],"35":[1,1],"36":[1,7],"37":[0,1],"38":[0,1],"39":[1,6],"40":[3,3],"41":[2,1],"42":[1,0]},"_coverageSchema":"43e27e138ebf9cfc5966b082cf9a028302ed4184","hash":"3a07642f698f194a1f7b30a493e250cc58c102d1"}
,"/Users/ygou/projects/express-middleware-minio/src/minio-client.js": {"path":"/Users/ygou/projects/express-middleware-minio/src/minio-client.js","statementMap":{"0":{"start":{"line":1,"column":14},"end":{"line":1,"column":30}},"1":{"start":{"line":2,"column":15},"end":{"line":2,"column":32}},"2":{"start":{"line":4,"column":15},"end":{"line":4,"column":51}},"3":{"start":{"line":5,"column":52},"end":{"line":5,"column":63}},"4":{"start":{"line":6,"column":0},"end":{"line":6,"column":37}},"5":{"start":{"line":9,"column":19},"end":{"line":39,"column":1}},"6":{"start":{"line":10,"column":2},"end":{"line":10,"column":54}},"7":{"start":{"line":13,"column":2},"end":{"line":19,"column":3}},"8":{"start":{"line":14,"column":4},"end":{"line":14,"column":57}},"9":{"start":{"line":16,"column":19},"end":{"line":16,"column":54}},"10":{"start":{"line":17,"column":4},"end":{"line":17,"column":24}},"11":{"start":{"line":18,"column":4},"end":{"line":18,"column":27}},"12":{"start":{"line":21,"column":2},"end":{"line":36,"column":3}},"13":{"start":{"line":22,"column":4},"end":{"line":22,"column":58}},"14":{"start":{"line":24,"column":4},"end":{"line":34,"column":5}},"15":{"start":{"line":25,"column":6},"end":{"line":28,"column":7}},"16":{"start":{"line":29,"column":6},"end":{"line":29,"column":33}},"17":{"start":{"line":31,"column":21},"end":{"line":31,"column":54}},"18":{"start":{"line":32,"column":6},"end":{"line":32,"column":26}},"19":{"start":{"line":33,"column":6},"end":{"line":33,"column":29}},"20":{"start":{"line":35,"column":4},"end":{"line":35,"column":59}},"21":{"start":{"line":38,"column":2},"end":{"line":38,"column":13}},"22":{"start":{"line":41,"column":20},"end":{"line":56,"column":1}},"23":{"start":{"line":42,"column":2},"end":{"line":44,"column":3}},"24":{"start":{"line":43,"column":4},"end":{"line":43,"column":22}},"25":{"start":{"line":45,"column":2},"end":{"line":52,"column":4}},"26":{"start":{"line":54,"column":2},"end":{"line":54,"column":31}},"27":{"start":{"line":55,"column":2},"end":{"line":55,"column":20}},"28":{"start":{"line":58,"column":0},"end":{"line":151,"column":1}},"29":{"start":{"line":61,"column":20},"end":{"line":61,"column":45}},"30":{"start":{"line":62,"column":21},"end":{"line":62,"column":45}},"31":{"start":{"line":63,"column":31},"end":{"line":63,"column":74}},"32":{"start":{"line":65,"column":21},"end":{"line":68,"column":5}},"33":{"start":{"line":70,"column":24},"end":{"line":70,"column":43}},"34":{"start":{"line":71,"column":4},"end":{"line":77,"column":5}},"35":{"start":{"line":81,"column":20},"end":{"line":81,"column":45}},"36":{"start":{"line":82,"column":21},"end":{"line":82,"column":45}},"37":{"start":{"line":83,"column":31},"end":{"line":83,"column":74}},"38":{"start":{"line":85,"column":21},"end":{"line":88,"column":5}},"39":{"start":{"line":90,"column":24},"end":{"line":90,"column":43}},"40":{"start":{"line":91,"column":4},"end":{"line":91,"column":78}},"41":{"start":{"line":95,"column":20},"end":{"line":95,"column":45}},"42":{"start":{"line":96,"column":19},"end":{"line":96,"column":31}},"43":{"start":{"line":98,"column":24},"end":{"line":98,"column":43}},"44":{"start":{"line":99,"column":19},"end":{"line":99,"column":70}},"45":{"start":{"line":100,"column":17},"end":{"line":100,"column":19}},"46":{"start":{"line":101,"column":4},"end":{"line":103,"column":6}},"47":{"start":{"line":102,"column":6},"end":{"line":102,"column":20}},"48":{"start":{"line":104,"column":4},"end":{"line":106,"column":6}},"49":{"start":{"line":105,"column":6},"end":{"line":105,"column":19}},"50":{"start":{"line":107,"column":4},"end":{"line":109,"column":6}},"51":{"start":{"line":108,"column":6},"end":{"line":108,"column":26}},"52":{"start":{"line":113,"column":20},"end":{"line":113,"column":45}},"53":{"start":{"line":114,"column":23},"end":{"line":114,"column":47}},"54":{"start":{"line":115,"column":24},"end":{"line":115,"column":43}},"55":{"start":{"line":116,"column":4},"end":{"line":116,"column":71}},"56":{"start":{"line":120,"column":20},"end":{"line":120,"column":45}},"57":{"start":{"line":121,"column":23},"end":{"line":121,"column":47}},"58":{"start":{"line":122,"column":24},"end":{"line":122,"column":43}},"59":{"start":{"line":123,"column":4},"end":{"line":123,"column":61}},"60":{"start":{"line":127,"column":24},"end":{"line":127,"column":43}},"61":{"start":{"line":128,"column":4},"end":{"line":137,"column":6}},"62":{"start":{"line":129,"column":22},"end":{"line":129,"column":47}},"63":{"start":{"line":130,"column":25},"end":{"line":130,"column":49}},"64":{"start":{"line":131,"column":6},"end":{"line":136,"column":8}},"65":{"start":{"line":132,"column":8},"end":{"line":134,"column":9}},"66":{"start":{"line":133,"column":10},"end":{"line":133,"column":28}},"67":{"start":{"line":135,"column":8},"end":{"line":135,"column":21}},"68":{"start":{"line":141,"column":20},"end":{"line":141,"column":45}},"69":{"start":{"line":142,"column":23},"end":{"line":142,"column":47}},"70":{"start":{"line":143,"column":24},"end":{"line":143,"column":43}},"71":{"start":{"line":144,"column":4},"end":{"line":148,"column":5}},"72":{"start":{"line":145,"column":6},"end":{"line":145,"column":62}},"73":{"start":{"line":147,"column":6},"end":{"line":147,"column":16}},"74":{"start":{"line":149,"column":4},"end":{"line":149,"column":15}}},"fnMap":{"0":{"name":"(anonymous_0)","decl":{"start":{"line":9,"column":19},"end":{"line":9,"column":20}},"loc":{"start":{"line":9,"column":40},"end":{"line":39,"column":1}},"line":9},"1":{"name":"(anonymous_1)","decl":{"start":{"line":41,"column":20},"end":{"line":41,"column":21}},"loc":{"start":{"line":41,"column":32},"end":{"line":56,"column":1}},"line":41},"2":{"name":"(anonymous_2)","decl":{"start":{"line":60,"column":2},"end":{"line":60,"column":3}},"loc":{"start":{"line":60,"column":76},"end":{"line":78,"column":3}},"line":60},"3":{"name":"(anonymous_3)","decl":{"start":{"line":80,"column":2},"end":{"line":80,"column":3}},"loc":{"start":{"line":80,"column":69},"end":{"line":92,"column":3}},"line":80},"4":{"name":"(anonymous_4)","decl":{"start":{"line":94,"column":2},"end":{"line":94,"column":3}},"loc":{"start":{"line":94,"column":28},"end":{"line":110,"column":3}},"line":94},"5":{"name":"(anonymous_5)","decl":{"start":{"line":101,"column":22},"end":{"line":101,"column":23}},"loc":{"start":{"line":101,"column":29},"end":{"line":103,"column":5}},"line":101},"6":{"name":"(anonymous_6)","decl":{"start":{"line":104,"column":23},"end":{"line":104,"column":24}},"loc":{"start":{"line":104,"column":30},"end":{"line":106,"column":5}},"line":104},"7":{"name":"(anonymous_7)","decl":{"start":{"line":107,"column":21},"end":{"line":107,"column":22}},"loc":{"start":{"line":107,"column":27},"end":{"line":109,"column":5}},"line":107},"8":{"name":"(anonymous_8)","decl":{"start":{"line":112,"column":2},"end":{"line":112,"column":3}},"loc":{"start":{"line":112,"column":45},"end":{"line":117,"column":3}},"line":112},"9":{"name":"(anonymous_9)","decl":{"start":{"line":119,"column":2},"end":{"line":119,"column":3}},"loc":{"start":{"line":119,"column":42},"end":{"line":124,"column":3}},"line":119},"10":{"name":"(anonymous_10)","decl":{"start":{"line":126,"column":2},"end":{"line":126,"column":3}},"loc":{"start":{"line":126,"column":30},"end":{"line":138,"column":3}},"line":126},"11":{"name":"(anonymous_11)","decl":{"start":{"line":128,"column":23},"end":{"line":128,"column":24}},"loc":{"start":{"line":128,"column":44},"end":{"line":137,"column":5}},"line":128},"12":{"name":"(anonymous_12)","decl":{"start":{"line":131,"column":55},"end":{"line":131,"column":56}},"loc":{"start":{"line":131,"column":70},"end":{"line":136,"column":7}},"line":131},"13":{"name":"(anonymous_13)","decl":{"start":{"line":140,"column":2},"end":{"line":140,"column":3}},"loc":{"start":{"line":140,"column":29},"end":{"line":150,"column":3}},"line":140}},"branchMap":{"0":{"loc":{"start":{"line":4,"column":15},"end":{"line":4,"column":51}},"type":"binary-expr","locations":[{"start":{"line":4,"column":16},"end":{"line":4,"column":22}},{"start":{"line":4,"column":26},"end":{"line":4,"column":39}},{"start":{"line":4,"column":44},"end":{"line":4,"column":51}}],"line":4},"1":{"loc":{"start":{"line":21,"column":2},"end":{"line":36,"column":3}},"type":"if","locations":[{"start":{"line":21,"column":2},"end":{"line":36,"column":3}},{"start":{"line":21,"column":2},"end":{"line":36,"column":3}}],"line":21},"2":{"loc":{"start":{"line":27,"column":8},"end":{"line":27,"column":47}},"type":"binary-expr","locations":[{"start":{"line":27,"column":8},"end":{"line":27,"column":32}},{"start":{"line":27,"column":36},"end":{"line":27,"column":47}}],"line":27},"3":{"loc":{"start":{"line":42,"column":2},"end":{"line":44,"column":3}},"type":"if","locations":[{"start":{"line":42,"column":2},"end":{"line":44,"column":3}},{"start":{"line":42,"column":2},"end":{"line":44,"column":3}}],"line":42},"4":{"loc":{"start":{"line":51,"column":12},"end":{"line":51,"column":51}},"type":"binary-expr","locations":[{"start":{"line":51,"column":12},"end":{"line":51,"column":36}},{"start":{"line":51,"column":40},"end":{"line":51,"column":51}}],"line":51},"5":{"loc":{"start":{"line":132,"column":8},"end":{"line":134,"column":9}},"type":"if","locations":[{"start":{"line":132,"column":8},"end":{"line":134,"column":9}},{"start":{"line":132,"column":8},"end":{"line":134,"column":9}}],"line":132}},"s":{"0":5,"1":5,"2":5,"3":5,"4":5,"5":5,"6":5,"7":5,"8":5,"9":1,"10":1,"11":1,"12":4,"13":0,"14":4,"15":4,"16":3,"17":1,"18":1,"19":1,"20":3,"21":3,"22":5,"23":28,"24":23,"25":5,"26":5,"27":3,"28":5,"29":2,"30":2,"31":2,"32":2,"33":2,"34":2,"35":2,"36":2,"37":2,"38":2,"39":2,"40":2,"41":6,"42":6,"43":6,"44":6,"45":6,"46":6,"47":3,"48":6,"49":0,"50":6,"51":3,"52":3,"53":3,"54":3,"55":3,"56":2,"57":2,"58":2,"59":2,"60":7,"61":7,"62":7,"63":7,"64":7,"65":7,"66":3,"67":4,"68":3,"69":3,"70":3,"71":3,"72":3,"73":1,"74":2},"f":{"0":5,"1":28,"2":2,"3":2,"4":6,"5":3,"6":0,"7":3,"8":3,"9":2,"10":7,"11":7,"12":7,"13":3},"b":{"0":[5,5,5],"1":[0,4],"2":[4,0],"3":[23,5],"4":[5,0],"5":[3,4]},"_coverageSchema":"43e27e138ebf9cfc5966b082cf9a028302ed4184","hash":"5a5e99d0a7c6b06cafd29e27ff56b6f5afeb332f"}
,"/Users/ygou/projects/express-middleware-minio/src/utils.js": {"path":"/Users/ygou/projects/express-middleware-minio/src/utils.js","statementMap":{"0":{"start":{"line":1,"column":11},"end":{"line":1,"column":24}},"1":{"start":{"line":2,"column":15},"end":{"line":2,"column":33}},"2":{"start":{"line":3,"column":15},"end":{"line":3,"column":32}},"3":{"start":{"line":5,"column":15},"end":{"line":5,"column":51}},"4":{"start":{"line":6,"column":16},"end":{"line":6,"column":56}},"5":{"start":{"line":8,"column":20},"end":{"line":8,"column":68}},"6":{"start":{"line":8,"column":32},"end":{"line":8,"column":68}},"7":{"start":{"line":10,"column":19},"end":{"line":23,"column":1}},"8":{"start":{"line":11,"column":16},"end":{"line":11,"column":42}},"9":{"start":{"line":12,"column":2},"end":{"line":16,"column":3}},"10":{"start":{"line":13,"column":19},"end":{"line":13,"column":45}},"11":{"start":{"line":14,"column":4},"end":{"line":14,"column":23}},"12":{"start":{"line":15,"column":4},"end":{"line":15,"column":27}},"13":{"start":{"line":18,"column":2},"end":{"line":22,"column":3}},"14":{"start":{"line":19,"column":4},"end":{"line":19,"column":26}},"15":{"start":{"line":21,"column":4},"end":{"line":21,"column":49}},"16":{"start":{"line":25,"column":0},"end":{"line":28,"column":1}}},"fnMap":{"0":{"name":"(anonymous_0)","decl":{"start":{"line":8,"column":20},"end":{"line":8,"column":21}},"loc":{"start":{"line":8,"column":32},"end":{"line":8,"column":68}},"line":8},"1":{"name":"(anonymous_1)","decl":{"start":{"line":10,"column":19},"end":{"line":10,"column":20}},"loc":{"start":{"line":10,"column":30},"end":{"line":23,"column":1}},"line":10}},"branchMap":{"0":{"loc":{"start":{"line":5,"column":15},"end":{"line":5,"column":51}},"type":"binary-expr","locations":[{"start":{"line":5,"column":16},"end":{"line":5,"column":22}},{"start":{"line":5,"column":26},"end":{"line":5,"column":39}},{"start":{"line":5,"column":44},"end":{"line":5,"column":51}}],"line":5},"1":{"loc":{"start":{"line":6,"column":16},"end":{"line":6,"column":56}},"type":"binary-expr","locations":[{"start":{"line":6,"column":17},"end":{"line":6,"column":23}},{"start":{"line":6,"column":27},"end":{"line":6,"column":45}},{"start":{"line":6,"column":50},"end":{"line":6,"column":56}}],"line":6},"2":{"loc":{"start":{"line":12,"column":2},"end":{"line":16,"column":3}},"type":"if","locations":[{"start":{"line":12,"column":2},"end":{"line":16,"column":3}},{"start":{"line":12,"column":2},"end":{"line":16,"column":3}}],"line":12},"3":{"loc":{"start":{"line":12,"column":6},"end":{"line":12,"column":39}},"type":"binary-expr","locations":[{"start":{"line":12,"column":6},"end":{"line":12,"column":14}},{"start":{"line":12,"column":18},"end":{"line":12,"column":39}}],"line":12}},"s":{"0":4,"1":4,"2":4,"3":4,"4":4,"5":4,"6":3,"7":4,"8":3,"9":3,"10":1,"11":1,"12":1,"13":2,"14":2,"15":1,"16":4},"f":{"0":3,"1":3},"b":{"0":[4,4,4],"1":[4,4,0],"2":[1,2],"3":[3,3]},"_coverageSchema":"43e27e138ebf9cfc5966b082cf9a028302ed4184","hash":"19cb9609d0d4474713f85361299eed46a774aa83"}
}
