TN:
SF:/Users/ygou/projects/express-middleware-minio/src/index.js
FN:21,(anonymous_0)
FN:25,(anonymous_1)
FN:33,(anonymous_2)
FN:48,(anonymous_3)
FN:60,(anonymous_4)
FN:73,(anonymous_5)
FN:84,(anonymous_6)
FN:107,(anonymous_7)
FN:108,(anonymous_8)
FN:118,(anonymous_9)
FN:151,(anonymous_10)
FN:159,(anonymous_11)
FN:176,(anonymous_12)
FN:183,(anonymous_13)
FN:200,(anonymous_14)
FN:215,(anonymous_15)
FN:223,(anonymous_16)
FN:238,(anonymous_17)
FN:245,(anonymous_18)
FN:248,(anonymous_19)
FN:252,(anonymous_20)
FN:275,(anonymous_21)
FN:276,(anonymous_22)
FN:276,(anonymous_23)
FNF:24
FNH:24
FNDA:2,(anonymous_0)
FNDA:12,(anonymous_1)
FNDA:66,(anonymous_2)
FNDA:3,(anonymous_3)
FNDA:1,(anonymous_4)
FNDA:1,(anonymous_5)
FNDA:1,(anonymous_6)
FNDA:1,(anonymous_7)
FNDA:1,(anonymous_8)
FNDA:5,(anonymous_9)
FNDA:3,(anonymous_10)
FNDA:2,(anonymous_11)
FNDA:2,(anonymous_12)
FNDA:1,(anonymous_13)
FNDA:1,(anonymous_14)
FNDA:12,(anonymous_15)
FNDA:2,(anonymous_16)
FNDA:1,(anonymous_17)
FNDA:1,(anonymous_18)
FNDA:1,(anonymous_19)
FNDA:1,(anonymous_20)
FNDA:1,(anonymous_21)
FNDA:12,(anonymous_22)
FNDA:12,(anonymous_23)
DA:1,3
DA:2,3
DA:3,3
DA:4,3
DA:5,3
DA:7,3
DA:8,3
DA:10,3
DA:12,3
DA:21,3
DA:22,2
DA:25,3
DA:26,12
DA:27,1
DA:28,1
DA:29,1
DA:32,11
DA:33,11
DA:34,66
DA:35,10
DA:39,11
DA:40,1
DA:41,1
DA:42,1
DA:45,10
DA:48,3
DA:49,3
DA:50,3
DA:57,0
DA:60,3
DA:61,1
DA:62,1
DA:63,1
DA:64,1
DA:65,1
DA:68,1
DA:74,1
DA:75,0
DA:77,1
DA:79,1
DA:84,3
DA:85,1
DA:86,1
DA:87,1
DA:88,1
DA:89,1
DA:92,1
DA:93,1
DA:99,1
DA:101,0
DA:102,0
DA:104,1
DA:107,3
DA:108,1
DA:109,1
DA:110,0
DA:112,1
DA:114,1
DA:118,3
DA:119,5
DA:120,0
DA:128,5
DA:129,5
DA:131,2
DA:132,2
DA:133,2
DA:136,3
DA:137,3
DA:138,0
DA:140,3
DA:141,0
DA:144,3
DA:151,3
DA:152,3
DA:153,3
DA:154,1
DA:155,1
DA:158,2
DA:159,2
DA:160,2
DA:161,0
DA:163,2
DA:172,2
DA:176,3
DA:177,2
DA:178,2
DA:179,1
DA:180,1
DA:183,1
DA:184,1
DA:185,0
DA:187,1
DA:196,1
DA:200,3
DA:201,1
DA:202,0
DA:203,0
DA:204,0
DA:206,1
DA:207,1
DA:208,0
DA:210,1
DA:212,1
DA:215,3
DA:216,12
DA:217,2
DA:218,2
DA:221,10
DA:222,2
DA:223,2
DA:224,2
DA:225,0
DA:226,0
DA:227,2
DA:228,1
DA:229,1
DA:231,1
DA:234,8
DA:235,1
DA:236,1
DA:237,1
DA:238,1
DA:239,1
DA:240,0
DA:241,0
DA:243,1
DA:244,1
DA:245,1
DA:246,1
DA:248,1
DA:249,1
DA:252,1
DA:253,1
DA:254,0
DA:255,0
DA:257,1
DA:260,7
DA:261,1
DA:262,6
DA:263,3
DA:264,3
DA:265,2
DA:266,1
DA:267,1
DA:271,3
DA:276,12
DA:277,12
LF:147
LH:127
BRDA:10,0,0,3
BRDA:10,0,1,3
BRDA:10,0,2,3
BRDA:26,1,0,1
BRDA:26,1,1,11
BRDA:34,2,0,10
BRDA:34,2,1,56
BRDA:39,3,0,1
BRDA:39,3,1,10
BRDA:49,4,0,3
BRDA:49,4,1,0
BRDA:49,5,0,3
BRDA:49,5,1,3
BRDA:62,6,0,1
BRDA:62,6,1,0
BRDA:62,7,0,1
BRDA:62,7,1,1
BRDA:64,8,0,1
BRDA:64,8,1,0
BRDA:70,9,0,1
BRDA:70,9,1,1
BRDA:70,9,2,0
BRDA:71,10,0,1
BRDA:71,10,1,1
BRDA:71,10,2,0
BRDA:72,11,0,1
BRDA:72,11,1,1
BRDA:72,11,2,0
BRDA:74,12,0,0
BRDA:74,12,1,1
BRDA:86,13,0,1
BRDA:86,13,1,0
BRDA:86,14,0,1
BRDA:86,14,1,1
BRDA:88,15,0,1
BRDA:88,15,1,0
BRDA:95,16,0,1
BRDA:95,16,1,1
BRDA:95,16,2,0
BRDA:96,17,0,1
BRDA:96,17,1,1
BRDA:96,17,2,0
BRDA:109,18,0,0
BRDA:109,18,1,1
BRDA:119,19,0,0
BRDA:119,19,1,5
BRDA:119,20,0,5
BRDA:119,20,1,0
BRDA:137,21,0,0
BRDA:137,21,1,3
BRDA:140,22,0,0
BRDA:140,22,1,3
BRDA:140,23,0,3
BRDA:140,23,1,3
BRDA:153,24,0,1
BRDA:153,24,1,2
BRDA:153,25,0,3
BRDA:153,25,1,2
BRDA:160,26,0,0
BRDA:160,26,1,2
BRDA:178,27,0,1
BRDA:178,27,1,1
BRDA:184,28,0,0
BRDA:184,28,1,1
BRDA:201,29,0,0
BRDA:201,29,1,1
BRDA:201,30,0,1
BRDA:201,30,1,1
BRDA:207,31,0,0
BRDA:207,31,1,1
BRDA:216,32,0,2
BRDA:216,32,1,10
BRDA:221,33,0,2
BRDA:221,33,1,8
BRDA:224,34,0,0
BRDA:224,34,1,2
BRDA:227,35,0,1
BRDA:227,35,1,1
BRDA:234,36,0,1
BRDA:234,36,1,7
BRDA:239,37,0,0
BRDA:239,37,1,1
BRDA:253,38,0,0
BRDA:253,38,1,1
BRDA:260,39,0,1
BRDA:260,39,1,6
BRDA:262,40,0,3
BRDA:262,40,1,3
BRDA:264,41,0,2
BRDA:264,41,1,1
BRDA:266,42,0,1
BRDA:266,42,1,0
BRF:92
BRH:68
end_of_record
TN:
SF:/Users/ygou/projects/express-middleware-minio/src/minio-client.js
FN:9,(anonymous_0)
FN:41,(anonymous_1)
FN:60,(anonymous_2)
FN:80,(anonymous_3)
FN:94,(anonymous_4)
FN:101,(anonymous_5)
FN:104,(anonymous_6)
FN:107,(anonymous_7)
FN:112,(anonymous_8)
FN:119,(anonymous_9)
FN:126,(anonymous_10)
FN:128,(anonymous_11)
FN:131,(anonymous_12)
FN:140,(anonymous_13)
FNF:14
FNH:13
FNDA:5,(anonymous_0)
FNDA:28,(anonymous_1)
FNDA:2,(anonymous_2)
FNDA:2,(anonymous_3)
FNDA:6,(anonymous_4)
FNDA:3,(anonymous_5)
FNDA:0,(anonymous_6)
FNDA:3,(anonymous_7)
FNDA:3,(anonymous_8)
FNDA:2,(anonymous_9)
FNDA:7,(anonymous_10)
FNDA:7,(anonymous_11)
FNDA:7,(anonymous_12)
FNDA:3,(anonymous_13)
DA:1,5
DA:2,5
DA:4,5
DA:5,5
DA:6,5
DA:9,5
DA:10,5
DA:13,5
DA:14,5
DA:16,1
DA:17,1
DA:18,1
DA:21,4
DA:22,0
DA:24,4
DA:25,4
DA:29,3
DA:31,1
DA:32,1
DA:33,1
DA:35,3
DA:38,3
DA:41,5
DA:42,28
DA:43,23
DA:45,5
DA:54,5
DA:55,3
DA:58,5
DA:61,2
DA:62,2
DA:63,2
DA:65,2
DA:70,2
DA:71,2
DA:81,2
DA:82,2
DA:83,2
DA:85,2
DA:90,2
DA:91,2
DA:95,6
DA:96,6
DA:98,6
DA:99,6
DA:100,6
DA:101,6
DA:102,3
DA:104,6
DA:105,0
DA:107,6
DA:108,3
DA:113,3
DA:114,3
DA:115,3
DA:116,3
DA:120,2
DA:121,2
DA:122,2
DA:123,2
DA:127,7
DA:128,7
DA:129,7
DA:130,7
DA:131,7
DA:132,7
DA:133,3
DA:135,4
DA:141,3
DA:142,3
DA:143,3
DA:144,3
DA:145,3
DA:147,1
DA:149,2
LF:75
LH:73
BRDA:4,0,0,5
BRDA:4,0,1,5
BRDA:4,0,2,5
BRDA:21,1,0,0
BRDA:21,1,1,4
BRDA:27,2,0,4
BRDA:27,2,1,0
BRDA:42,3,0,23
BRDA:42,3,1,5
BRDA:51,4,0,5
BRDA:51,4,1,0
BRDA:132,5,0,3
BRDA:132,5,1,4
BRF:13
BRH:10
end_of_record
TN:
SF:/Users/ygou/projects/express-middleware-minio/src/utils.js
FN:8,(anonymous_0)
FN:10,(anonymous_1)
FNF:2
FNH:2
FNDA:3,(anonymous_0)
FNDA:3,(anonymous_1)
DA:1,4
DA:2,4
DA:3,4
DA:5,4
DA:6,4
DA:8,4
DA:10,4
DA:11,3
DA:12,3
DA:13,1
DA:14,1
DA:15,1
DA:18,2
DA:19,2
DA:21,1
DA:25,4
LF:16
LH:16
BRDA:5,0,0,4
BRDA:5,0,1,4
BRDA:5,0,2,4
BRDA:6,1,0,4
BRDA:6,1,1,4
BRDA:6,1,2,0
BRDA:12,2,0,1
BRDA:12,2,1,2
BRDA:12,3,0,3
BRDA:12,3,1,3
BRF:10
BRH:9
end_of_record
